<?xml version="1.0" encoding="UTF-8"?>
<!-- Generated by org.testng.reporters.JUnitReportReporter -->
<testsuite skipped="0" hostname="Ren-Nneka" name="rensourceenergy.Mavenjava.Test1" tests="2" failures="0" timestamp="6 Jul 2020 03:10:20 GMT" time="0.003" errors="0">
  <testcase name="option2" time="0.001" classname="rensourceenergy.Mavenjava.Test1"/>
  <testcase name="option1" time="0.002" classname="rensourceenergy.Mavenjava.Test1"/>
</testsuite> <!-- rensourceenergy.Mavenjava.Test1 -->
