<?xml version="1.0" encoding="UTF-8"?>
<!-- Generated by org.testng.reporters.JUnitReportReporter -->
<testsuite skipped="0" hostname="Ren-Nneka" name="rensourceenergy.Mavenjava.Test4" tests="1" failures="0" timestamp="6 Jul 2020 03:10:20 GMT" time="0.039" errors="0">
  <testcase name="one" time="0.039" classname="rensourceenergy.Mavenjava.Test4"/>
</testsuite> <!-- rensourceenergy.Mavenjava.Test4 -->
