<?xml version="1.0" encoding="UTF-8"?>
<!-- Generated by org.testng.reporters.JUnitReportReporter -->
<testsuite skipped="0" hostname="Ren-Nneka" name="rensourceenergy.Mavenjava.Test2" tests="2" failures="0" timestamp="6 Jul 2020 03:10:20 GMT" time="0.010" errors="0">
  <testcase name="option3" time="0.003" classname="rensourceenergy.Mavenjava.Test2"/>
  <testcase name="option4" time="0.007" classname="rensourceenergy.Mavenjava.Test2"/>
</testsuite> <!-- rensourceenergy.Mavenjava.Test2 -->
