<?xml version="1.0" encoding="UTF-8"?>
<!-- Generated by org.testng.reporters.JUnitReportReporter -->
<testsuite skipped="0" hostname="Ren-Nneka" name="rensourceenergy.Mavenjava.Test3" tests="3" failures="0" timestamp="06 Jul 2020 03:26:44 GMT" time="0.002" errors="0">
  <testcase name="option5" time="0.000" classname="rensourceenergy.Mavenjava.Test3"/>
  <testcase name="option7" time="0.001" classname="rensourceenergy.Mavenjava.Test3"/>
  <testcase name="option6" time="0.001" classname="rensourceenergy.Mavenjava.Test3"/>
</testsuite> <!-- rensourceenergy.Mavenjava.Test3 -->
